
> frontend@0.1.0 dev
> next dev --hostname 127.0.0.1 --port 3000

▲ Next.js 16.1.6 (Turbopack)
- Local:         http://127.0.0.1:3000
- Network:       http://127.0.0.1:3000
- Environments: .env.local

✓ Starting...
Creating turbopack project {
  dir: 'C:\\Users\\Mark Ureta\\Documents\\MIT CAPSTONE\\SYSTEM - Speech Enabled BPO Platform\\frontend',
  testMode: true
}
✓ Ready in 1158ms
 GET /login 200 in 802ms (compile: 679ms, render: 123ms)
 GET / 200 in 480ms (compile: 447ms, render: 32ms)
 GET /login 200 in 27ms (compile: 2ms, render: 24ms)
 GET /dashboard 200 in 168ms (compile: 92ms, render: 76ms)
 GET /support 200 in 286ms (compile: 245ms, render: 42ms)
 GET /support/chat 200 in 77ms (compile: 34ms, render: 43ms)
 GET /admin/analytics 200 in 1300ms (compile: 1161ms, render: 138ms)
 GET /admin/assessment 200 in 432ms (compile: 340ms, render: 92ms)
 GET /admin/certification-settings 200 in 416ms (compile: 311ms, render: 105ms)
 GET /admin/coaching 200 in 332ms (compile: 256ms, render: 76ms)
 GET /admin/configuration 200 in 408ms (compile: 331ms, render: 78ms)
 GET /admin/dashboard 200 in 291ms (compile: 227ms, render: 64ms)
 GET /admin/lob 200 in 370ms (compile: 303ms, render: 67ms)
 GET /admin/mcq 200 in 403ms (compile: 338ms, render: 65ms)
 GET /admin/overview 200 in 307ms (compile: 239ms, render: 68ms)
 GET /admin/scenario-flow 200 in 382ms (compile: 310ms, render: 72ms)
 GET /admin/scenarios 200 in 332ms (compile: 269ms, render: 63ms)
 GET /admin/settings 200 in 263ms (compile: 220ms, render: 43ms)
 GET /admin/tesda 200 in 514ms (compile: 353ms, render: 161ms)
 GET /admin/tree-builder 200 in 371ms (compile: 291ms, render: 80ms)
 GET /admin/users 200 in 261ms (compile: 225ms, render: 36ms)
 GET /trainee/assessment 200 in 189ms (compile: 105ms, render: 84ms)
 GET /trainee/coaching 200 in 356ms (compile: 284ms, render: 73ms)
 GET /trainee/dashboard 200 in 119ms (compile: 66ms, render: 53ms)
 GET /trainee/mcq 200 in 394ms (compile: 327ms, render: 66ms)
 GET /trainee/microlearning 200 in 390ms (compile: 314ms, render: 76ms)
 GET /trainee/overview 200 in 340ms (compile: 126ms, render: 215ms)
 GET /trainee/practice 200 in 580ms (compile: 409ms, render: 171ms)
 GET /trainee/progress 200 in 1568ms (compile: 1433ms, render: 135ms)
 GET /trainee/reports 200 in 382ms (compile: 298ms, render: 84ms)
 GET /trainee/settings 200 in 551ms (compile: 439ms, render: 112ms)
 GET /trainee/simulated-floor 200 in 480ms (compile: 367ms, render: 112ms)
 GET /trainer/analytics 200 in 1221ms (compile: 1003ms, render: 218ms)
 GET /trainer/assign 200 in 985ms (compile: 792ms, render: 193ms)
 GET /trainer/authoring 200 in 1029ms (compile: 764ms, render: 265ms)
 GET /trainer/batches 200 in 1427ms (compile: 1254ms, render: 173ms)
 GET /trainer/coaching 200 in 950ms (compile: 757ms, render: 193ms)
 GET /trainer/courses 200 in 736ms (compile: 595ms, render: 141ms)
 GET /trainer/dashboard 200 in 813ms (compile: 603ms, render: 211ms)
 GET /trainer/grading 200 in 955ms (compile: 756ms, render: 199ms)
 GET /trainer/mcq 200 in 870ms (compile: 703ms, render: 167ms)
 GET /trainer/overview 200 in 803ms (compile: 638ms, render: 165ms)
 GET /trainer/realtime 200 in 1655ms (compile: 1350ms, render: 305ms)
 GET /trainer/reports 200 in 1215ms (compile: 1078ms, render: 137ms)
 GET /trainer/reviews 200 in 309ms (compile: 148ms, render: 161ms)
 GET /trainer/users 200 in 703ms (compile: 574ms, render: 129ms)
 GET /trainer/workspace 200 in 995ms (compile: 759ms, render: 236ms)
 GET / 200 in 83ms (compile: 8ms, render: 75ms)
 GET /dashboard 200 in 40ms (compile: 9ms, render: 31ms)
 GET /login 200 in 83ms (compile: 8ms, render: 76ms)
 GET /dashboard 200 in 29ms (compile: 2ms, render: 27ms)
 GET /admin/lob 200 in 62ms (compile: 9ms, render: 53ms)
 GET /admin/users 200 in 52ms (compile: 9ms, render: 42ms)
 GET /admin/mcq 200 in 52ms (compile: 9ms, render: 44ms)
 GET /login 200 in 423ms (compile: 54ms, render: 369ms)
 GET /dashboard 200 in 82ms (compile: 9ms, render: 73ms)
 GET /trainer/analytics 200 in 65ms (compile: 9ms, render: 56ms)
 GET /trainer/assign 200 in 56ms (compile: 7ms, render: 48ms)
 GET /trainer/users 200 in 54ms (compile: 7ms, render: 47ms)
 GET /trainer/batches 200 in 42ms (compile: 7ms, render: 36ms)
✓ Compiled in 1765ms
 GET /trainer/batches 200 in 378ms (compile: 197ms, render: 181ms)
 GET /trainer/batches 200 in 61ms (compile: 8ms, render: 53ms)
✓ Compiled in 621ms
 GET /trainer/users 200 in 1061ms (compile: 687ms, render: 374ms)
 GET /trainer/batches 200 in 215ms (compile: 126ms, render: 89ms)
 GET /trainer/users 200 in 38ms (compile: 6ms, render: 32ms)
✓ Compiled in 168ms
 GET /trainer/users 200 in 354ms (compile: 117ms, render: 237ms)
✓ Compiled in 72ms
✓ Compiled in 71ms
 GET /trainer/users 200 in 1596ms (compile: 480ms, render: 1116ms)
 GET /trainer/users 200 in 104ms (compile: 5ms, render: 99ms)
 GET /trainer/users 200 in 111ms (compile: 7ms, render: 103ms)
 GET /trainer/users 200 in 89ms (compile: 5ms, render: 83ms)
 GET /trainer/users 200 in 158ms (compile: 18ms, render: 140ms)
✓ Compiled in 98ms
✓ Compiled in 96ms
✓ Compiled in 75ms
 GET /trainer/users 200 in 590ms (compile: 259ms, render: 331ms)
 GET /trainer/users 200 in 148ms (compile: 14ms, render: 134ms)
✓ Compiled in 102ms
 GET /trainer/users 200 in 161ms (compile: 61ms, render: 100ms)
✓ Compiled in 75ms
✓ Compiled in 83ms
 GET /trainer/users 200 in 456ms (compile: 165ms, render: 291ms)
 GET /trainer/batches 200 in 354ms (compile: 215ms, render: 140ms)
 GET /trainer/users 200 in 55ms (compile: 8ms, render: 47ms)
✓ Compiled in 157ms
 GET /trainer/users 200 in 710ms (compile: 173ms, render: 536ms)
 GET /trainer/users 200 in 110ms (compile: 7ms, render: 103ms)
 GET /trainer/courses 200 in 409ms (compile: 316ms, render: 93ms)
 GET /trainer/courses 200 in 68ms (compile: 10ms, render: 57ms)
 GET /trainer/users 200 in 66ms (compile: 10ms, render: 56ms)
 GET /trainer/courses 200 in 61ms (compile: 11ms, render: 50ms)
 GET /trainer/users 200 in 79ms (compile: 31ms, render: 48ms)
 GET /trainer/courses 200 in 53ms (compile: 9ms, render: 44ms)
 GET /trainer/realtime 200 in 297ms (compile: 223ms, render: 74ms)
✓ Compiled in 1441ms
✓ Compiled in 95ms
 GET /trainer/users 200 in 358ms (compile: 280ms, render: 79ms)
 GET /trainer/workspace 200 in 362ms (compile: 236ms, render: 125ms)
 GET /trainer/users 200 in 71ms (compile: 9ms, render: 62ms)
 GET /trainer/batches 200 in 207ms (compile: 105ms, render: 101ms)
 GET /trainer/users 200 in 60ms (compile: 10ms, render: 50ms)
 GET /trainer/authoring 200 in 311ms (compile: 223ms, render: 89ms)
 GET /trainer/dashboard 200 in 381ms (compile: 249ms, render: 132ms)
 GET /trainer/dashboard 200 in 69ms (compile: 11ms, render: 58ms)
 GET /trainer/users 200 in 58ms (compile: 10ms, render: 48ms)
 GET /trainer/dashboard 200 in 64ms (compile: 11ms, render: 53ms)
 GET /trainer/dashboard 200 in 349ms (compile: 10ms, render: 339ms)
 GET /trainer/users 200 in 69ms (compile: 9ms, render: 61ms)
 GET /login 200 in 1385ms (compile: 761ms, render: 624ms)
 GET /trainer/users 200 in 254ms (compile: 19ms, render: 235ms)
 GET /trainer/users 200 in 408ms (compile: 38ms, render: 370ms)
 GET /trainer/courses 200 in 99ms (compile: 35ms, render: 64ms)
 GET /trainer/users 200 in 262ms (compile: 59ms, render: 203ms)
